<?xml version="1.0" encoding="UTF-8"?>
<testsuite name="Tests" tests="1" skipped="0" failures="0" errors="0" timestamp="2023-03-01T09:54:14" hostname="Andreis-MacBook-Air.local" time="0.038">
  <properties/>
  <testcase name="test3DeleteStream()" classname="Tests" time="0.038"/>
  <system-out><![CDATA[]]></system-out>
  <system-err><![CDATA[]]></system-err>
</testsuite>
